info: Opening "https://shop.westerndigital.com" url
info: Opening "https://shop.westerndigital.com" url
info: Opening "https://shop.westerndigital.com" url
info: Opening "https://shop.westerndigital.com" url
info: Opening "https://shop.westerndigital.com" url
info: Opening "https://shop.westerndigital.com" url
info: Opening "https://shop.westerndigital.com" url
info: Opening "https://shop.westerndigital.com" url
info: Opening "https://shop.westerndigital.com" url
info: Opening "https://shop.westerndigital.com" url
info: Opening "https://shop.westerndigital.com" url
info: Clicking "Search Button"
info: Clicking "Contact Us Button"
info: Opening "https://shop.westerndigital.com" url
info: Opening "https://shop.westerndigital.com" url
info: Clicking "Search Button"
info: Clicking "Search Button"
info: Opening "https://shop.westerndigital.com" url
info: Opening "https://shop.westerndigital.com" url
info: Opening "https://shop.westerndigital.com" url
info: Opening "https://shop.westerndigital.com" url
info: Clicking "Search Button"
info: Clicking "Search Button"
info: Opening "https://shop.westerndigital.com" url
info: Clicking "Search Button"
info: Clicking "Search Button"
info: Opening "https://shop.westerndigital.com" url
info: Clicking "Search Button"
info: Clicking "Search Button"
info: Opening "https://shop.westerndigital.com" url
info: Clicking "Search Button"
info: Clicking "Search Button"
info: Opening "https://shop.westerndigital.com" url
info: Clicking "Search Button"
info: Clicking "Search Button"
info: Opening "https://shop.westerndigital.com" url
info: Clicking "Search Button"
info: Clicking "Search Button"
info: Opening "https://shop.westerndigital.com" url
info: Opening "https://shop.westerndigital.com" url
info: Clicking "Search Button"
info: Type "Flash" into "Search Input"
info: Opening "https://shop.westerndigital.com" url
info: Clicking "Search Button"
info: Type "Flash" into "Search Input"
info: Opening "https://shop.westerndigital.com" url
info: Clicking "Search Button"
info: Type "Flash" into "Search Input"
info: Count of "Result carousel" is "0"
info: Opening "https://shop.westerndigital.com" url
info: Clicking "Search Button"
info: Type "Flash" into "Search Input"
info: Count of "Result carousel" is "26"
info: Opening "https://shop.westerndigital.com" url
info: Opening "https://shop.westerndigital.com" url
info: Opening "https://shop.westerndigital.com" url
info: Opening "https://shop.westerndigital.com" url
info: Clicking "Search Button"
info: Type "Flash" into "Search Input"
info: Opening "https://shop.westerndigital.com" url
info: Clicking "Search Button"
info: Type "Flash" into "Search Input"
info: Count of "Result carousel" is "26"
info: Opening "https://shop.westerndigital.com" url
info: Clicking "Search Button"
info: Type "Flash" into "Search Input"
info: Count of "Result carousel" is "26"
info: Opening "https://shop.westerndigital.com" url
info: Clicking "Search Button"
info: Type "Flash" into "Search Input"
info: Count of "Result carousel" is "26"
info: Opening "https://shop.westerndigital.com" url
info: Clicking "Search Button"
info: Type "Flash" into "Search Input"
info: Count of "Result carousel" is "26"
info: Opening "https://shop.westerndigital.com" url
info: Clicking "Search Button"
info: Type "Flash" into "Search Input"
info: Count of "Result carousel" is "26"
info: Opening "https://shop.westerndigital.com" url
info: Clicking "Search Button"
info: Type "Flash" into "Search Input"
info: Count of "Result carousel" is "26"
info: Opening "https://shop.westerndigital.com" url
info: Clicking "Search Button"
info: Type "Flash" into "Search Input"
info: Count of "Result carousel" is "26"
info: Opening "https://shop.westerndigital.com" url
info: Clicking "Search Button"
info: Type "Flash" into "Search Input"
info: Count of "Result carousel" is "26"
info: Opening "https://shop.westerndigital.com" url
info: Clicking "Search Button"
info: Type "Flash" into "Search Input"
info: Count of "Result carousel" is "26"
info: Opening "https://shop.westerndigital.com" url
info: Clicking "Search Button"
info: Type "Flash" into "Search Input"
info: Count of "Result carousel" is "26"
info: Opening "https://shop.westerndigital.com" url
info: Clicking "Search Button"
info: Type "Flash" into "Search Input"
info: Count of "Result carousel" is "26"
info: Opening "https://shop.westerndigital.com" url
info: Clicking "Search Button"
info: Type "Flash" into "Search Input"
info: Count of "Result carousel" is "26"
info: Opening "https://shop.westerndigital.com" url
info: Clicking "Search Button"
info: Type "Flash" into "Search Input"
info: Count of "Result carousel" is "26"
info: Opening "https://shop.westerndigital.com" url
info: Clicking ""All products" button"
info: Opening "https://shop.westerndigital.com" url
info: Clicking ""All products" button"
info: Opening "https://shop.westerndigital.com" url
info: Clicking ""All products" button"
info: Opening "https://shop.westerndigital.com" url
info: Clicking ""All products" button"
info: Opening "https://shop.westerndigital.com" url
info: Clicking ""All products" button"
info: Opening "https://shop.westerndigital.com" url
info: Clicking ""All products" button"
info: Opening "https://shop.westerndigital.com" url
info: Clicking ""All products" button"
info: Opening "https://shop.westerndigital.com" url
info: Clicking ""All products" button"
info: Opening "https://shop.westerndigital.com" url
info: Clicking ""All products" button"
info: Opening "https://shop.westerndigital.com" url
info: Clicking ""All products" button"
info: Opening "https://shop.westerndigital.com" url
info: Clicking ""All products" button"
info: Opening "https://shop.westerndigital.com" url
info: Clicking ""All products" button"
info: Opening "https://shop.westerndigital.com" url
info: Clicking ""All products" button"
info: Opening "https://shop.westerndigital.com" url
info: Clicking ""All products" button"
info: Opening "https://shop.westerndigital.com" url
info: Clicking ""All products" button"
info: Opening "https://shop.westerndigital.com" url
info: Clicking ""All products" button"
info: Opening "https://shop.westerndigital.com" url
info: Clicking ""All products" button"
info: Opening "https://shop.westerndigital.com" url
info: Clicking ""All products" button"
info: Opening "https://shop.westerndigital.com" url
info: Clicking ""All products" button"
info: Opening "https://shop.westerndigital.com" url
info: Clicking ""All products" button"
info: Opening "https://shop.westerndigital.com" url
info: Clicking ""All products" button"
info: Opening "https://shop.westerndigital.com" url
info: Clicking ""All products" button"
info: Opening "https://shop.westerndigital.com" url
info: Clicking ""All products" button"
info: Opening "https://shop.westerndigital.com" url
info: Clicking ""All products" button"
info: Opening "https://shop.westerndigital.com" url
info: Clicking ""All products" button"
info: Opening "https://shop.westerndigital.com" url
info: Clicking ""All products" button"
info: Opening "https://shop.westerndigital.com" url
info: Clicking ""All products" button"
info: Opening "https://shop.westerndigital.com" url
info: Clicking ""All products" button"
info: Opening "https://shop.westerndigital.com" url
info: Clicking ""All products" button"
info: Opening "https://shop.westerndigital.com" url
info: Clicking ""All products" button"
info: Opening "https://shop.westerndigital.com" url
info: Clicking ""All products" button"
info: Opening "https://shop.westerndigital.com" url
info: Clicking ""All products" button"
info: Opening "https://shop.westerndigital.com" url
info: Clicking ""All products" button"
info: Opening "https://shop.westerndigital.com" url
info: Clicking ""All products" button"
info: Opening "https://shop.westerndigital.com" url
info: Clicking ""All products" button"
info: Opening "https://shop.westerndigital.com" url
info: Clicking ""All products" button"
info: Opening "https://shop.westerndigital.com" url
info: Clicking ""All products" button"
info: Opening "https://shop.westerndigital.com" url
info: Clicking ""All products" button"
info: Opening "https://shop.westerndigital.com" url
info: Clicking ""All products" button"
info: Opening "https://shop.westerndigital.com" url
info: Clicking ""All products" button"
info: Opening "https://shop.westerndigital.com" url
info: Clicking ""All products" button"
info: Opening "https://shop.westerndigital.com" url
info: Clicking ""All products" button"
info: Opening "https://shop.westerndigital.com" url
info: Clicking ""All products" button"
info: Opening "https://shop.westerndigital.com" url
info: Clicking ""All products" button"
info: Opening "https://shop.westerndigital.com" url
info: Clicking ""All products" button"
info: Opening "https://shop.westerndigital.com" url
info: Clicking ""All products" button"
info: Opening "https://shop.westerndigital.com" url
info: Clicking ""All products" button"
info: Opening "https://shop.westerndigital.com" url
info: Clicking ""All products" button"
info: Opening "https://shop.westerndigital.com" url
info: Clicking ""All products" button"
info: Opening "https://shop.westerndigital.com" url
info: Clicking ""All products" button"
info: Opening "https://shop.westerndigital.com" url
info: Clicking ""All products" button"
info: Opening "https://shop.westerndigital.com" url
info: Clicking ""All products" button"
info: Opening "https://shop.westerndigital.com" url
info: Clicking ""All products" button"
info: Opening "https://shop.westerndigital.com" url
info: Clicking ""All products" button"
info: Opening "https://shop.westerndigital.com" url
info: Clicking ""All products" button"
info: Opening "https://shop.westerndigital.com" url
info: Clicking ""All products" button"
info: Opening "https://shop.westerndigital.com" url
info: Clicking ""All products" button"
